2023-11-12 20:54:20.127  INFO 13144 --- [main] com.example.demo.SareetaApplication      : Starting SareetaApplication on DESKTOP-SFGL5D4 with PID 13144 (C:\Users\DELL\Downloads\New folder (4)\zzzzzzzzz\nd035-c4-Security-and-DevOps-CuongNQ15\starter_code\target\classes started by DELL in C:\Users\DELL\Downloads\New folder (4)\zzzzzzzzz\nd035-c4-Security-and-DevOps-CuongNQ15)
2023-11-12 20:54:20.132  INFO 13144 --- [main] com.example.demo.SareetaApplication      : No active profile set, falling back to default profiles: default
2023-11-12 20:54:21.191  INFO 13144 --- [main] .s.d.r.c.RepositoryConfigurationDelegate : Bootstrapping Spring Data JPA repositories in DEFAULT mode.
2023-11-12 20:54:21.352  INFO 13144 --- [main] .s.d.r.c.RepositoryConfigurationDelegate : Finished Spring Data repository scanning in 138ms. Found 4 JPA repository interfaces.
2023-11-12 20:54:22.526  INFO 13144 --- [main] o.s.b.w.embedded.tomcat.TomcatWebServer  : Tomcat initialized with port(s): 8084 (http)
2023-11-12 20:54:22.540  INFO 13144 --- [main] o.apache.catalina.core.StandardService   : Starting service [Tomcat]
2023-11-12 20:54:22.541  INFO 13144 --- [main] org.apache.catalina.core.StandardEngine  : Starting Servlet engine: [Apache Tomcat/9.0.37]
2023-11-12 20:54:22.743  INFO 13144 --- [main] o.a.c.c.C.[Tomcat].[localhost].[/]       : Initializing Spring embedded WebApplicationContext
2023-11-12 20:54:22.747  INFO 13144 --- [main] w.s.c.ServletWebServerApplicationContext : Root WebApplicationContext: initialization completed in 2480 ms
2023-11-12 20:54:23.226  INFO 13144 --- [main] o.hibernate.jpa.internal.util.LogHelper  : HHH000204: Processing PersistenceUnitInfo [name: default]
2023-11-12 20:54:23.354  INFO 13144 --- [main] org.hibernate.Version                    : HHH000412: Hibernate ORM core version 5.4.18.Final
2023-11-12 20:54:23.658  INFO 13144 --- [main] o.hibernate.annotations.common.Version   : HCANN000001: Hibernate Commons Annotations {5.1.0.Final}
2023-11-12 20:54:23.879  INFO 13144 --- [main] com.zaxxer.hikari.HikariDataSource       : HikariPool-1 - Starting...
2023-11-12 20:54:24.298  INFO 13144 --- [main] com.zaxxer.hikari.HikariDataSource       : HikariPool-1 - Start completed.
2023-11-12 20:54:24.361  INFO 13144 --- [main] org.hibernate.dialect.Dialect            : HHH000400: Using dialect: org.hibernate.dialect.H2Dialect
2023-11-12 20:54:25.555  INFO 13144 --- [main] o.h.e.t.j.p.i.JtaPlatformInitiator       : HHH000490: Using JtaPlatform implementation: [org.hibernate.engine.transaction.jta.platform.internal.NoJtaPlatform]
2023-11-12 20:54:25.565  INFO 13144 --- [main] j.LocalContainerEntityManagerFactoryBean : Initialized JPA EntityManagerFactory for persistence unit 'default'
2023-11-12 20:54:26.068  WARN 13144 --- [main] JpaBaseConfiguration$JpaWebConfiguration : spring.jpa.open-in-view is enabled by default. Therefore, database queries may be performed during view rendering. Explicitly configure spring.jpa.open-in-view to disable this warning
2023-11-12 20:54:26.685  INFO 13144 --- [main] o.s.s.web.DefaultSecurityFilterChain     : Creating filter chain: any request, [org.springframework.security.web.context.request.async.WebAsyncManagerIntegrationFilter@9a37591, org.springframework.security.web.context.SecurityContextPersistenceFilter@3fe5ad73, org.springframework.security.web.header.HeaderWriterFilter@7acfcfc4, org.springframework.web.filter.CorsFilter@749c0669, org.springframework.security.web.authentication.logout.LogoutFilter@331ad6eb, com.example.demo.security.JWTAuthenticationFilter@4468c0ea, com.example.demo.security.JWTAuthenticationVerficationFilter@41cf4272, org.springframework.security.web.savedrequest.RequestCacheAwareFilter@165454f7, org.springframework.security.web.servletapi.SecurityContextHolderAwareRequestFilter@66589252, org.springframework.security.web.authentication.AnonymousAuthenticationFilter@53d2b827, org.springframework.security.web.session.SessionManagementFilter@709d2a6c, org.springframework.security.web.access.ExceptionTranslationFilter@4b9b5da5, org.springframework.security.web.access.intercept.FilterSecurityInterceptor@1e7113f8]
2023-11-12 20:54:26.745  INFO 13144 --- [main] o.s.s.concurrent.ThreadPoolTaskExecutor  : Initializing ExecutorService 'applicationTaskExecutor'
2023-11-12 20:54:26.993  INFO 13144 --- [main] o.s.b.w.embedded.tomcat.TomcatWebServer  : Tomcat started on port(s): 8084 (http) with context path ''
2023-11-12 20:54:27.006  INFO 13144 --- [main] com.example.demo.SareetaApplication      : Started SareetaApplication in 7.577 seconds (JVM running for 9.247)
2023-11-12 20:58:09.486  INFO 13144 --- [http-nio-8084-exec-1] o.a.c.c.C.[Tomcat].[localhost].[/]       : Initializing Spring DispatcherServlet 'dispatcherServlet'
2023-11-12 20:58:09.486  INFO 13144 --- [http-nio-8084-exec-1] o.s.web.servlet.DispatcherServlet        : Initializing Servlet 'dispatcherServlet'
2023-11-12 20:58:09.498  INFO 13144 --- [http-nio-8084-exec-1] o.s.web.servlet.DispatcherServlet        : Completed initialization in 11 ms
2023-11-12 20:58:10.008  INFO 13144 --- [http-nio-8084-exec-1] c.e.demo.controllers.UserController      : Method: Call createUser, Status: SUCCESS , Username: cuongnq15
2023-11-12 21:07:33.130  INFO 13144 --- [http-nio-8084-exec-8] c.e.demo.controllers.UserController      : Method: Call findByUserName, Status: SUCCESS , username: cuongnq15
2023-11-12 21:07:59.897  INFO 13144 --- [http-nio-8084-exec-10] c.e.demo.controllers.ItemController      : Method: Call getItemById, Status: SUCCESS , ItemById: 1
2023-11-12 21:08:11.571  INFO 13144 --- [http-nio-8084-exec-2] c.e.demo.controllers.ItemController      : Method: Call getItemsByName, Status: SUCCESS , ItemsByName: Round Widget
2023-11-12 21:08:21.044 ERROR 13144 --- [http-nio-8084-exec-1] c.e.demo.controllers.CartController      : Method: Call addToCart, Status: FAIL , User: not exist!!
2023-11-12 21:08:35.485  INFO 13144 --- [http-nio-8084-exec-3] c.e.demo.controllers.CartController      : Method: Call addTocart, Status: SUCCESS , ItemId: 2
2023-11-12 21:08:54.980  INFO 13144 --- [http-nio-8084-exec-4] c.e.demo.controllers.CartController      : Method: Call removeFromCart, Status: SUCCESS , ItemId: 2
2023-11-12 21:09:10.775  INFO 13144 --- [http-nio-8084-exec-5] c.e.demo.controllers.OrderController     : Method: Call submit, Status: SUCCESS , User: cuongnq15
2023-11-12 21:09:26.537  INFO 13144 --- [http-nio-8084-exec-6] c.e.demo.controllers.OrderController     : Method: Call getOrdersForUser, Status: SUCCESS , User: cuongnq15
